Thu Oct 17 2019 16:10:32 GMT-0400 (Eastern Daylight Time): GET /
Thu Oct 17 2019 16:10:32 GMT-0400 (Eastern Daylight Time): GET /favicon.ico
Thu Oct 17 2019 16:56:52 GMT-0400 (Eastern Daylight Time): GET /
Thu Oct 17 2019 18:09:19 GMT-0400 (Eastern Daylight Time): POST /project
Thu Oct 17 2019 18:11:43 GMT-0400 (Eastern Daylight Time): POST /project
Thu Oct 17 2019 18:12:43 GMT-0400 (Eastern Daylight Time): GET /
Thu Oct 17 2019 18:12:44 GMT-0400 (Eastern Daylight Time): GET /favicon.ico
Thu Oct 17 2019 18:13:00 GMT-0400 (Eastern Daylight Time): POST /project
Thu Oct 17 2019 18:14:03 GMT-0400 (Eastern Daylight Time): POST /project
Thu Oct 17 2019 18:17:42 GMT-0400 (Eastern Daylight Time): POST /project
Mon Nov 04 2019 18:58:13 GMT-0500 (Eastern Standard Time): GET /
Mon Nov 04 2019 20:12:53 GMT-0500 (Eastern Standard Time): DELETE //user/logout
Mon Nov 04 2019 20:13:41 GMT-0500 (Eastern Standard Time): GET /user/logout
Mon Nov 04 2019 20:34:25 GMT-0500 (Eastern Standard Time): GET /user/logout
Tue Nov 12 2019 22:18:53 GMT-0500 (Eastern Standard Time): PUT /tools/myToolList/edit/:id
Tue Nov 12 2019 22:20:55 GMT-0500 (Eastern Standard Time): PUT /tools/myToolList/edit/:id
Tue Nov 12 2019 22:24:30 GMT-0500 (Eastern Standard Time): PUT /tools/myToolList/edit/:id
Tue Nov 12 2019 22:26:48 GMT-0500 (Eastern Standard Time): PUT /tools/myToolList/edit/:_id
Tue Nov 12 2019 22:28:29 GMT-0500 (Eastern Standard Time): PUT /tools/myToolList/edit/:_id
Tue Nov 12 2019 22:29:05 GMT-0500 (Eastern Standard Time): PUT /tools/myToolList/edit/:_id
Tue Nov 12 2019 22:30:37 GMT-0500 (Eastern Standard Time): GET /tools/myToolList/edit/:_id
Thu Dec 05 2019 16:29:12 GMT-0500 (Eastern Standard Time): DELETE /tools/myToolList/delete/?name=Dewalt&price=70&store=Lowes
Thu Dec 05 2019 16:29:18 GMT-0500 (Eastern Standard Time): DELETE /tools/myToolList/delete/?name=Dewalt&price=70&store=Lowes
Thu Dec 05 2019 16:30:27 GMT-0500 (Eastern Standard Time): DELETE /tools/myToolList/delete/?name=Dewalt&price=70&store=Lowes
Thu Dec 05 2019 16:31:35 GMT-0500 (Eastern Standard Time): DELETE /tools/myToolList/delete/?name=Dewalt&price=70&store=Lowes&_id=5de976a1cb4cf24f1f7d5577
Thu Dec 05 2019 16:33:27 GMT-0500 (Eastern Standard Time): DELETE /tools/myToolList/delete/?name=Dewalt&price=70&store=Lowes&_id=5de976a1cb4cf24f1f7d5577
Thu Dec 05 2019 16:38:00 GMT-0500 (Eastern Standard Time): GET /tools/myToolList/delete/:id?name=Dewalt&price=70&store=Lowes&_id=5de976a1cb4cf24f1f7d5577
Thu Dec 05 2019 17:48:14 GMT-0500 (Eastern Standard Time): DELETE /tools/myToolList/delete/%7B%7D
Thu Dec 05 2019 17:48:34 GMT-0500 (Eastern Standard Time): DELETE /tools/myToolList/delete/%7B%7D
Thu Dec 05 2019 17:49:30 GMT-0500 (Eastern Standard Time): DELETE /tools/myToolList/delete/%7B%7D
Thu Dec 05 2019 17:52:56 GMT-0500 (Eastern Standard Time): DELETE /tools/myToolList/delete/5de97f11caa4994fd1bafa88
Sun Dec 08 2019 19:35:56 GMT-0500 (Eastern Standard Time): GET /projects
Mon Dec 09 2019 17:12:08 GMT-0500 (Eastern Standard Time): GET /projects/myProjectList/delete/5ded9cbafc49475c1f28f989
Mon Jan 27 2020 17:36:21 GMT-0500 (Eastern Standard Time): GET /projects/myProjectList/edit/5e154204f1c9362504f014d3
Thu Mar 26 2020 22:03:11 GMT-0400 (Eastern Daylight Time): GET /files/getfile
Thu Mar 26 2020 22:03:15 GMT-0400 (Eastern Daylight Time): GET /files/getfile
Thu Mar 26 2020 22:03:27 GMT-0400 (Eastern Daylight Time): GET /files/getfile
Thu Mar 26 2020 22:04:07 GMT-0400 (Eastern Daylight Time): GET /files/getfile
Thu Mar 26 2020 22:05:36 GMT-0400 (Eastern Daylight Time): GET /files/getfile
Thu Mar 26 2020 22:05:41 GMT-0400 (Eastern Daylight Time): GET /files/getfile
Thu Mar 26 2020 22:07:21 GMT-0400 (Eastern Daylight Time): GET /files/getfile
Thu Mar 26 2020 22:07:31 GMT-0400 (Eastern Daylight Time): GET /files/getfile
Mon Mar 30 2020 18:46:04 GMT-0400 (Eastern Daylight Time): GET /files/open/aaec032d05b5498d6f575322955810cb.pdf
Mon Mar 30 2020 22:21:39 GMT-0400 (Eastern Daylight Time): GET /favicon.ico
Mon Mar 30 2020 22:24:06 GMT-0400 (Eastern Daylight Time): GET /favicon.ico
Mon Mar 30 2020 22:46:28 GMT-0400 (Eastern Daylight Time): GET /favicon.ico
Sun Apr 12 2020 13:08:34 GMT-0400 (Eastern Daylight Time): GET /favicon.ico
